[35m[Appium][39m Welcome to Appium v1.21.0
[35m[Appium][39m Non-default server args:
[35m[Appium][39m   port: 51085
[35m[Appium][39m   loglevel: info
[35m[Appium][39m   tmpDir: /var/folders/vm/795nzm4509v22pbwpvv0k2000000gp/T//Katalon/Appium/Temp1633486037480
[35m[Appium][39m   chromedriverPort: 51086
[35m[Appium][39m Deprecated server args:
[35m[Appium][39m   [31m--chromedriver-port[39m => --default-capabilities
[35m[Appium][39m Default capabilities, which will be added to each request unless overridden by desired capabilities:
[35m[Appium][39m   chromedriverPort: 51086
[35m[Appium][39m Appium REST http interface listener started on 0.0.0.0:51085
[35m[HTTP][39m [37m-->[39m [37mGET[39m [37m/wd/hub/status[39m
[35m[HTTP][39m [90m{}[39m
[35m[HTTP][39m [37m<-- GET /wd/hub/status [39m[32m200[39m [90m7 ms - 68[39m
[35m[HTTP][39m [90m[39m
[35m[HTTP][39m [37m-->[39m [37mGET[39m [37m/wd/hub/status[39m
[35m[HTTP][39m [90m{}[39m
[35m[HTTP][39m [37m<-- GET /wd/hub/status [39m[32m200[39m [90m2 ms - 68[39m
[35m[HTTP][39m [90m[39m
[35m[HTTP][39m [37m-->[39m [37mPOST[39m [37m/wd/hub/session[39m
[35m[HTTP][39m [90m{"desiredCapabilities":{"app":"/Users/sahil.vidaysingh/Downloads/OEPlusAndroid-3.5.0.20210922020418-SNAPSHOT-1150-prod-debug.apk","appPackage":"com.cardinalhealth.orderexpress.two.debug","noReset":true,"appWaitActivity":"com.cardinalhealth.*","deviceId":"","deviceName":"samsung SM-A715F (Android 11)","fullReset":false,"platform":"ANDROID","newCommandTimeout":1800,"platformVersion":"11","automationName":"uiautomator2","autoGrantPermissions":true,"platformName":"Android","udid":"RZ8NB13V7MD","systemPort":51090},"capabilities":{"firstMatch":[{"appium:app":"/Users/sahil.vidaysingh/Downloads/OEPlusAndroid-3.5.0.20210922020418-SNAPSHOT-1150-prod-debug.apk","appium:appPackage":"com.cardinalhealth.orderexpress.two.debug","appium:appWaitActivity":"com.cardinalhealth.*","appium:autoGrantPermissions":true,"appium:automationName":"uiautomator2","deviceId":"","appium:deviceName":"samsung SM-A715F (Android 11)","appium:fullReset":false,"appium:newCommandTimeout":1800,"appium:noReset":true,"platform":"ANDROID","platformN...[39m
[35m[BaseDriver][39m The following capabilities are not standard capabilities and should have an extension prefix:
[35m[BaseDriver][39m   deviceId
[35m[BaseDriver][39m   platform
[35m[BaseDriver][39m   chromedriverPort
[35m[Appium][39m Appium v1.21.0 creating new AndroidUiautomator2Driver (v1.65.0) session
[35m[BaseDriver][39m The following capabilities were provided, but are not recognized by Appium:
[35m[BaseDriver][39m   deviceId
[35m[BaseDriver][39m   platform
[35m[BaseDriver][39m Session created with session id: f31c67d3-cc25-4cc2-b91c-635cb775025d
[35m[BaseDriver][39m Using local app '/Users/sahil.vidaysingh/Downloads/OEPlusAndroid-3.5.0.20210922020418-SNAPSHOT-1150-prod-debug.apk'
[35m[ADB][39m Found 1 'build-tools' folders under '/Users/sahil.vidaysingh/.katalon/tools/android_sdk' (newest first):
[35m[ADB][39m     /Users/sahil.vidaysingh/.katalon/tools/android_sdk/build-tools/29.0.3
[35m[ADB][39m Using 'adb' from '/Users/sahil.vidaysingh/.katalon/tools/android_sdk/platform-tools/adb'
[35m[AndroidDriver][39m Retrieving device list
[35m[AndroidDriver][39m Using device: RZ8NB13V7MD
[35m[ADB][39m Using 'adb' from '/Users/sahil.vidaysingh/.katalon/tools/android_sdk/platform-tools/adb'
[35m[ADB][39m Getting device platform version
[35m[UiAutomator2][39m Relaxing hidden api policy
[35m[ADB][39m Package name: 'com.cardinalhealth.orderexpress.two.debug'
[35m[ADB][39m Main activity name: 'com.cardinalhealth.orderexpress.view.activities.SplashActivity'
[35m[ADB][39m Using 'apksigner.jar' from '/Users/sahil.vidaysingh/.katalon/tools/android_sdk/build-tools/29.0.3/lib/apksigner.jar'
[35m[ADB][39m '/usr/local/lib/node_modules/appium/node_modules/appium-uiautomator2-server/apks/appium-uiautomator2-server-v4.21.1.apk' is signed with the default certificate
[35m[ADB][39m '/usr/local/lib/node_modules/appium/node_modules/appium-uiautomator2-server/apks/appium-uiautomator2-server-debug-androidTest.apk' is signed with the default certificate
[35m[UiAutomator2][39m Server packages are not going to be (re)installed
[35m[ADB][39m Adding packages ["io.appium.settings","io.appium.uiautomator2.server","io.appium.uiautomator2.server.test"] to Doze whitelist
[35m[ADB][39m '/Users/sahil.vidaysingh/Downloads/OEPlusAndroid-3.5.0.20210922020418-SNAPSHOT-1150-prod-debug.apk' is signed with a non-default certificate
[35m[UiAutomator2][39m Starting UIAutomator2 server 4.21.1
[35m[UiAutomator2][39m Using UIAutomator2 server from '/usr/local/lib/node_modules/appium/node_modules/appium-uiautomator2-server/apks/appium-uiautomator2-server-v4.21.1.apk' and test from '/usr/local/lib/node_modules/appium/node_modules/appium-uiautomator2-server/apks/appium-uiautomator2-server-debug-androidTest.apk'
[35m[UiAutomator2][39m Waiting up to 30000ms for UiAutomator2 to be online...
[35m[WD Proxy][39m socket hang up
[35m[WD Proxy][39m socket hang up
[35m[WD Proxy][39m socket hang up
[35m[WD Proxy][39m Determined the downstream protocol as 'W3C'
[35m[AndroidDriver][39m Screen already unlocked, doing nothing
[35m[UiAutomator2][39m Starting 'com.cardinalhealth.orderexpress.two.debug/com.cardinalhealth.orderexpress.view.activities.SplashActivity and waiting for 'com.cardinalhealth.orderexpress.two.debug/com.cardinalhealth.*'
[35m[Appium][39m New AndroidUiautomator2Driver session created successfully, session f31c67d3-cc25-4cc2-b91c-635cb775025d added to master session list
[35m[HTTP][39m [37m<-- POST /wd/hub/session [39m[32m200[39m [90m9762 ms - 1538[39m
[35m[HTTP][39m [90m[39m
[35m[HTTP][39m [37m-->[39m [37mGET[39m [37m/wd/hub/session/f31c67d3-cc25-4cc2-b91c-635cb775025d[39m
[35m[HTTP][39m [90m{}[39m
[35m[HTTP][39m [37m<-- GET /wd/hub/session/f31c67d3-cc25-4cc2-b91c-635cb775025d [39m[32m200[39m [90m9 ms - 1492[39m
[35m[HTTP][39m [90m[39m
[35m[HTTP][39m [37m-->[39m [37mGET[39m [37m/wd/hub/session/f31c67d3-cc25-4cc2-b91c-635cb775025d[39m
[35m[HTTP][39m [90m{}[39m
[35m[HTTP][39m [37m<-- GET /wd/hub/session/f31c67d3-cc25-4cc2-b91c-635cb775025d [39m[32m200[39m [90m14 ms - 1492[39m
[35m[HTTP][39m [90m[39m
[35m[HTTP][39m [37m-->[39m [37mGET[39m [37m/wd/hub/status[39m
[35m[HTTP][39m [90m{}[39m
[35m[HTTP][39m [37m<-- GET /wd/hub/status [39m[32m200[39m [90m1 ms - 68[39m
[35m[HTTP][39m [90m[39m
[35m[HTTP][39m [37m-->[39m [37mPOST[39m [37m/wd/hub/session/f31c67d3-cc25-4cc2-b91c-635cb775025d/timeouts[39m
[35m[HTTP][39m [90m{"implicit":60000}[39m
[35m[HTTP][39m [37m<-- POST /wd/hub/session/f31c67d3-cc25-4cc2-b91c-635cb775025d/timeouts [39m[32m200[39m [90m2 ms - 14[39m
[35m[HTTP][39m [90m[39m
[35m[HTTP][39m [37m-->[39m [37mGET[39m [37m/wd/hub/session/f31c67d3-cc25-4cc2-b91c-635cb775025d/source[39m
[35m[HTTP][39m [90m{}[39m
[35m[W3C (f31c67d3)][39m Driver proxy active, passing request on via HTTP proxy
[35m[WD Proxy][39m Replacing sessionId d40f6e55-b778-4c28-a4ef-06a21da94f87 with f31c67d3-cc25-4cc2-b91c-635cb775025d
[35m[HTTP][39m [37m<-- GET /wd/hub/session/f31c67d3-cc25-4cc2-b91c-635cb775025d/source [39m[32m200[39m [90m1190 ms - 35193[39m
[35m[HTTP][39m [90m[39m
[35m[HTTP][39m [37m-->[39m [37mGET[39m [37m/wd/hub/session/f31c67d3-cc25-4cc2-b91c-635cb775025d/screenshot[39m
[35m[HTTP][39m [90m{}[39m
[35m[HTTP][39m [37m<-- GET /wd/hub/session/f31c67d3-cc25-4cc2-b91c-635cb775025d/screenshot [39m[32m200[39m [90m519 ms - 554306[39m
[35m[HTTP][39m [90m[39m
[35m[HTTP][39m [37m-->[39m [37mGET[39m [37m/wd/hub/session/f31c67d3-cc25-4cc2-b91c-635cb775025d/source[39m
[35m[HTTP][39m [90m{}[39m
[35m[W3C (f31c67d3)][39m Driver proxy active, passing request on via HTTP proxy
[35m[WD Proxy][39m Replacing sessionId d40f6e55-b778-4c28-a4ef-06a21da94f87 with f31c67d3-cc25-4cc2-b91c-635cb775025d
[35m[HTTP][39m [37m<-- GET /wd/hub/session/f31c67d3-cc25-4cc2-b91c-635cb775025d/source [39m[32m200[39m [90m117 ms - 11451[39m
[35m[HTTP][39m [90m[39m
[35m[HTTP][39m [37m-->[39m [37mGET[39m [37m/wd/hub/session/f31c67d3-cc25-4cc2-b91c-635cb775025d/screenshot[39m
[35m[HTTP][39m [90m{}[39m
[35m[HTTP][39m [37m<-- GET /wd/hub/session/f31c67d3-cc25-4cc2-b91c-635cb775025d/screenshot [39m[32m200[39m [90m470 ms - 109764[39m
[35m[HTTP][39m [90m[39m
[35m[HTTP][39m [37m-->[39m [37mGET[39m [37m/wd/hub/session/f31c67d3-cc25-4cc2-b91c-635cb775025d/source[39m
[35m[HTTP][39m [90m{}[39m
[35m[W3C (f31c67d3)][39m Driver proxy active, passing request on via HTTP proxy
[35m[WD Proxy][39m Replacing sessionId d40f6e55-b778-4c28-a4ef-06a21da94f87 with f31c67d3-cc25-4cc2-b91c-635cb775025d
[35m[HTTP][39m [37m<-- GET /wd/hub/session/f31c67d3-cc25-4cc2-b91c-635cb775025d/source [39m[32m200[39m [90m69 ms - 6413[39m
[35m[HTTP][39m [90m[39m
[35m[HTTP][39m [37m-->[39m [37mGET[39m [37m/wd/hub/session/f31c67d3-cc25-4cc2-b91c-635cb775025d/screenshot[39m
[35m[HTTP][39m [90m{}[39m
[35m[HTTP][39m [37m<-- GET /wd/hub/session/f31c67d3-cc25-4cc2-b91c-635cb775025d/screenshot [39m[32m200[39m [90m599 ms - 359606[39m
[35m[HTTP][39m [90m[39m
[35m[HTTP][39m [37m-->[39m [37mPOST[39m [37m/wd/hub/session/f31c67d3-cc25-4cc2-b91c-635cb775025d/elements[39m
[35m[HTTP][39m [90m{"using":"xpath","value":"//*[@class = 'android.widget.TextView' and (@text = '$ 9.89' or . = '$ 9.89') and @resource-id = 'com.cardinalhealth.orderexpress.two.debug:id/invoiceCost']"}[39m
[35m[HTTP][39m [37m<-- POST /wd/hub/session/f31c67d3-cc25-4cc2-b91c-635cb775025d/elements [39m[32m200[39m [90m143 ms - 139[39m
[35m[HTTP][39m [90m[39m
[35m[HTTP][39m [37m-->[39m [37mGET[39m [37m/wd/hub/session/f31c67d3-cc25-4cc2-b91c-635cb775025d/window/rect[39m
[35m[HTTP][39m [90m{}[39m
[35m[HTTP][39m [37m<-- GET /wd/hub/session/f31c67d3-cc25-4cc2-b91c-635cb775025d/window/rect [39m[32m200[39m [90m20 ms - 50[39m
[35m[HTTP][39m [90m[39m
[35m[HTTP][39m [37m-->[39m [37mPOST[39m [37m/wd/hub/session/f31c67d3-cc25-4cc2-b91c-635cb775025d/elements[39m
[35m[HTTP][39m [90m{"using":"xpath","value":"//*[@class = 'android.widget.TextView' and (@text = '$ 9.89' or . = '$ 9.89') and @resource-id = 'com.cardinalhealth.orderexpress.two.debug:id/invoiceCost']"}[39m
[35m[HTTP][39m [37m<-- POST /wd/hub/session/f31c67d3-cc25-4cc2-b91c-635cb775025d/elements [39m[32m200[39m [90m58 ms - 139[39m
[35m[HTTP][39m [90m[39m
[35m[HTTP][39m [37m-->[39m [37mGET[39m [37m/wd/hub/session/f31c67d3-cc25-4cc2-b91c-635cb775025d/element/b99be722-1b14-4a1f-97e5-b9bbe83c3752/location[39m
[35m[HTTP][39m [90m{}[39m
[35m[W3C (f31c67d3)][39m Driver proxy active, passing request on via HTTP proxy
[35m[WD Proxy][39m Replacing sessionId d40f6e55-b778-4c28-a4ef-06a21da94f87 with f31c67d3-cc25-4cc2-b91c-635cb775025d
[35m[HTTP][39m [37m<-- GET /wd/hub/session/f31c67d3-cc25-4cc2-b91c-635cb775025d/element/b99be722-1b14-4a1f-97e5-b9bbe83c3752/location [39m[32m200[39m [90m32 ms - 79[39m
[35m[HTTP][39m [90m[39m
[35m[HTTP][39m [37m-->[39m [37mGET[39m [37m/wd/hub/session/f31c67d3-cc25-4cc2-b91c-635cb775025d/element/b99be722-1b14-4a1f-97e5-b9bbe83c3752/text[39m
[35m[HTTP][39m [90m{}[39m
[35m[W3C (f31c67d3)][39m Driver proxy active, passing request on via HTTP proxy
[35m[WD Proxy][39m Replacing sessionId d40f6e55-b778-4c28-a4ef-06a21da94f87 with f31c67d3-cc25-4cc2-b91c-635cb775025d
[35m[HTTP][39m [37m<-- GET /wd/hub/session/f31c67d3-cc25-4cc2-b91c-635cb775025d/element/b99be722-1b14-4a1f-97e5-b9bbe83c3752/text [39m[32m200[39m [90m18 ms - 69[39m
[35m[HTTP][39m [90m[39m
[35m[HTTP][39m [37m-->[39m [37mGET[39m [37m/wd/hub/session/f31c67d3-cc25-4cc2-b91c-635cb775025d/source[39m
[35m[HTTP][39m [90m{}[39m
[35m[W3C (f31c67d3)][39m Driver proxy active, passing request on via HTTP proxy
[35m[WD Proxy][39m Replacing sessionId d40f6e55-b778-4c28-a4ef-06a21da94f87 with f31c67d3-cc25-4cc2-b91c-635cb775025d
[35m[HTTP][39m [37m<-- GET /wd/hub/session/f31c67d3-cc25-4cc2-b91c-635cb775025d/source [39m[32m200[39m [90m54 ms - 6413[39m
[35m[HTTP][39m [90m[39m
[35m[HTTP][39m [37m-->[39m [37mGET[39m [37m/wd/hub/session/f31c67d3-cc25-4cc2-b91c-635cb775025d/screenshot[39m
[35m[HTTP][39m [90m{}[39m
[35m[HTTP][39m [37m<-- GET /wd/hub/session/f31c67d3-cc25-4cc2-b91c-635cb775025d/screenshot [39m[32m200[39m [90m599 ms - 359610[39m
[35m[HTTP][39m [90m[39m
[35m[HTTP][39m [37m-->[39m [37mGET[39m [37m/wd/hub/session/f31c67d3-cc25-4cc2-b91c-635cb775025d/source[39m
[35m[HTTP][39m [90m{}[39m
[35m[W3C (f31c67d3)][39m Driver proxy active, passing request on via HTTP proxy
[35m[WD Proxy][39m Replacing sessionId d40f6e55-b778-4c28-a4ef-06a21da94f87 with f31c67d3-cc25-4cc2-b91c-635cb775025d
[35m[HTTP][39m [37m<-- GET /wd/hub/session/f31c67d3-cc25-4cc2-b91c-635cb775025d/source [39m[32m200[39m [90m211 ms - 42009[39m
[35m[HTTP][39m [90m[39m
[35m[HTTP][39m [37m-->[39m [37mGET[39m [37m/wd/hub/session/f31c67d3-cc25-4cc2-b91c-635cb775025d/screenshot[39m
[35m[HTTP][39m [90m{}[39m
[35m[HTTP][39m [37m<-- GET /wd/hub/session/f31c67d3-cc25-4cc2-b91c-635cb775025d/screenshot [39m[32m200[39m [90m545 ms - 316886[39m
[35m[HTTP][39m [90m[39m
[35m[HTTP][39m [37m-->[39m [37mGET[39m [37m/wd/hub/session/f31c67d3-cc25-4cc2-b91c-635cb775025d/source[39m
[35m[HTTP][39m [90m{}[39m
[35m[W3C (f31c67d3)][39m Driver proxy active, passing request on via HTTP proxy
[35m[WD Proxy][39m Replacing sessionId d40f6e55-b778-4c28-a4ef-06a21da94f87 with f31c67d3-cc25-4cc2-b91c-635cb775025d
[35m[HTTP][39m [37m<-- GET /wd/hub/session/f31c67d3-cc25-4cc2-b91c-635cb775025d/source [39m[32m200[39m [90m67 ms - 6413[39m
[35m[HTTP][39m [90m[39m
[35m[HTTP][39m [37m-->[39m [37mGET[39m [37m/wd/hub/session/f31c67d3-cc25-4cc2-b91c-635cb775025d/screenshot[39m
[35m[HTTP][39m [90m{}[39m
[35m[HTTP][39m [37m<-- GET /wd/hub/session/f31c67d3-cc25-4cc2-b91c-635cb775025d/screenshot [39m[32m200[39m [90m557 ms - 287890[39m
[35m[HTTP][39m [90m[39m
[35m[HTTP][39m [37m-->[39m [37mPOST[39m [37m/wd/hub/session/f31c67d3-cc25-4cc2-b91c-635cb775025d/elements[39m
[35m[HTTP][39m [90m{"using":"xpath","value":"//*[@class = 'android.widget.TextView' and (@text = '$ 28.00' or . = '$ 28.00') and @resource-id = 'com.cardinalhealth.orderexpress.two.debug:id/invoiceCost']"}[39m
[35m[HTTP][39m [37m<-- POST /wd/hub/session/f31c67d3-cc25-4cc2-b91c-635cb775025d/elements [39m[32m200[39m [90m60 ms - 139[39m
[35m[HTTP][39m [90m[39m
[35m[HTTP][39m [37m-->[39m [37mGET[39m [37m/wd/hub/session/f31c67d3-cc25-4cc2-b91c-635cb775025d/window/rect[39m
[35m[HTTP][39m [90m{}[39m
[35m[HTTP][39m [37m<-- GET /wd/hub/session/f31c67d3-cc25-4cc2-b91c-635cb775025d/window/rect [39m[32m200[39m [90m18 ms - 50[39m
[35m[HTTP][39m [90m[39m
[35m[HTTP][39m [37m-->[39m [37mPOST[39m [37m/wd/hub/session/f31c67d3-cc25-4cc2-b91c-635cb775025d/elements[39m
[35m[HTTP][39m [90m{"using":"xpath","value":"//*[@class = 'android.widget.TextView' and (@text = '$ 28.00' or . = '$ 28.00') and @resource-id = 'com.cardinalhealth.orderexpress.two.debug:id/invoiceCost']"}[39m
[35m[HTTP][39m [37m<-- POST /wd/hub/session/f31c67d3-cc25-4cc2-b91c-635cb775025d/elements [39m[32m200[39m [90m52 ms - 139[39m
[35m[HTTP][39m [90m[39m
[35m[HTTP][39m [37m-->[39m [37mGET[39m [37m/wd/hub/session/f31c67d3-cc25-4cc2-b91c-635cb775025d/element/d0ab5a3b-ca54-4a44-a395-927d45a3fa13/location[39m
[35m[HTTP][39m [90m{}[39m
[35m[W3C (f31c67d3)][39m Driver proxy active, passing request on via HTTP proxy
[35m[WD Proxy][39m Replacing sessionId d40f6e55-b778-4c28-a4ef-06a21da94f87 with f31c67d3-cc25-4cc2-b91c-635cb775025d
[35m[HTTP][39m [37m<-- GET /wd/hub/session/f31c67d3-cc25-4cc2-b91c-635cb775025d/element/d0ab5a3b-ca54-4a44-a395-927d45a3fa13/location [39m[32m200[39m [90m19 ms - 79[39m
[35m[HTTP][39m [90m[39m
[35m[HTTP][39m [37m-->[39m [37mGET[39m [37m/wd/hub/session/f31c67d3-cc25-4cc2-b91c-635cb775025d/element/d0ab5a3b-ca54-4a44-a395-927d45a3fa13/text[39m
[35m[HTTP][39m [90m{}[39m
[35m[W3C (f31c67d3)][39m Driver proxy active, passing request on via HTTP proxy
[35m[WD Proxy][39m Replacing sessionId d40f6e55-b778-4c28-a4ef-06a21da94f87 with f31c67d3-cc25-4cc2-b91c-635cb775025d
[35m[HTTP][39m [37m<-- GET /wd/hub/session/f31c67d3-cc25-4cc2-b91c-635cb775025d/element/d0ab5a3b-ca54-4a44-a395-927d45a3fa13/text [39m[32m200[39m [90m24 ms - 70[39m
[35m[HTTP][39m [90m[39m
[35m[HTTP][39m [37m-->[39m [37mGET[39m [37m/wd/hub/session/f31c67d3-cc25-4cc2-b91c-635cb775025d/source[39m
[35m[HTTP][39m [90m{}[39m
[35m[W3C (f31c67d3)][39m Driver proxy active, passing request on via HTTP proxy
[35m[WD Proxy][39m Replacing sessionId d40f6e55-b778-4c28-a4ef-06a21da94f87 with f31c67d3-cc25-4cc2-b91c-635cb775025d
[35m[HTTP][39m [37m<-- GET /wd/hub/session/f31c67d3-cc25-4cc2-b91c-635cb775025d/source [39m[32m200[39m [90m74 ms - 6413[39m
[35m[HTTP][39m [90m[39m
[35m[HTTP][39m [37m-->[39m [37mGET[39m [37m/wd/hub/session/f31c67d3-cc25-4cc2-b91c-635cb775025d/screenshot[39m
[35m[HTTP][39m [90m{}[39m
[35m[HTTP][39m [37m<-- GET /wd/hub/session/f31c67d3-cc25-4cc2-b91c-635cb775025d/screenshot [39m[32m200[39m [90m573 ms - 287886[39m
[35m[HTTP][39m [90m[39m
[35m[HTTP][39m [37m-->[39m [37mGET[39m [37m/wd/hub/session/f31c67d3-cc25-4cc2-b91c-635cb775025d/source[39m
[35m[HTTP][39m [90m{}[39m
[35m[W3C (f31c67d3)][39m Driver proxy active, passing request on via HTTP proxy
[35m[WD Proxy][39m Replacing sessionId d40f6e55-b778-4c28-a4ef-06a21da94f87 with f31c67d3-cc25-4cc2-b91c-635cb775025d
[35m[HTTP][39m [37m<-- GET /wd/hub/session/f31c67d3-cc25-4cc2-b91c-635cb775025d/source [39m[32m200[39m [90m210 ms - 42009[39m
[35m[HTTP][39m [90m[39m
[35m[HTTP][39m [37m-->[39m [37mGET[39m [37m/wd/hub/session/f31c67d3-cc25-4cc2-b91c-635cb775025d/screenshot[39m
[35m[HTTP][39m [90m{}[39m
[35m[HTTP][39m [37m<-- GET /wd/hub/session/f31c67d3-cc25-4cc2-b91c-635cb775025d/screenshot [39m[32m200[39m [90m540 ms - 318258[39m
[35m[HTTP][39m [90m[39m
[35m[HTTP][39m [37m-->[39m [37mPOST[39m [37m/wd/hub/session/f31c67d3-cc25-4cc2-b91c-635cb775025d/elements[39m
[35m[HTTP][39m [90m{"using":"xpath","value":"//*[@class = 'android.widget.TextView' and (@text = '$ 65.89\nOrder Total' or . = '$ 65.89\nOrder Total') and @resource-id = 'com.cardinalhealth.orderexpress.two.debug:id/ordersMoneyCount']"}[39m
[35m[HTTP][39m [37m<-- POST /wd/hub/session/f31c67d3-cc25-4cc2-b91c-635cb775025d/elements [39m[32m200[39m [90m159 ms - 139[39m
[35m[HTTP][39m [90m[39m
[35m[HTTP][39m [37m-->[39m [37mGET[39m [37m/wd/hub/session/f31c67d3-cc25-4cc2-b91c-635cb775025d/window/rect[39m
[35m[HTTP][39m [90m{}[39m
[35m[HTTP][39m [37m<-- GET /wd/hub/session/f31c67d3-cc25-4cc2-b91c-635cb775025d/window/rect [39m[32m200[39m [90m8 ms - 50[39m
[35m[HTTP][39m [90m[39m
[35m[HTTP][39m [37m-->[39m [37mPOST[39m [37m/wd/hub/session/f31c67d3-cc25-4cc2-b91c-635cb775025d/elements[39m
[35m[HTTP][39m [90m{"using":"xpath","value":"//*[@class = 'android.widget.TextView' and (@text = '$ 65.89\nOrder Total' or . = '$ 65.89\nOrder Total') and @resource-id = 'com.cardinalhealth.orderexpress.two.debug:id/ordersMoneyCount']"}[39m
[35m[HTTP][39m [37m<-- POST /wd/hub/session/f31c67d3-cc25-4cc2-b91c-635cb775025d/elements [39m[32m200[39m [90m145 ms - 139[39m
[35m[HTTP][39m [90m[39m
[35m[HTTP][39m [37m-->[39m [37mGET[39m [37m/wd/hub/session/f31c67d3-cc25-4cc2-b91c-635cb775025d/element/e35cbd49-78a1-44bb-b8ef-6b7e3b2701f1/location[39m
[35m[HTTP][39m [90m{}[39m
[35m[W3C (f31c67d3)][39m Driver proxy active, passing request on via HTTP proxy
[35m[WD Proxy][39m Replacing sessionId d40f6e55-b778-4c28-a4ef-06a21da94f87 with f31c67d3-cc25-4cc2-b91c-635cb775025d
[35m[HTTP][39m [37m<-- GET /wd/hub/session/f31c67d3-cc25-4cc2-b91c-635cb775025d/element/e35cbd49-78a1-44bb-b8ef-6b7e3b2701f1/location [39m[32m200[39m [90m16 ms - 78[39m
[35m[HTTP][39m [90m[39m
[35m[HTTP][39m [37m-->[39m [37mGET[39m [37m/wd/hub/session/f31c67d3-cc25-4cc2-b91c-635cb775025d/element/e35cbd49-78a1-44bb-b8ef-6b7e3b2701f1/text[39m
[35m[HTTP][39m [90m{}[39m
[35m[W3C (f31c67d3)][39m Driver proxy active, passing request on via HTTP proxy
[35m[WD Proxy][39m Replacing sessionId d40f6e55-b778-4c28-a4ef-06a21da94f87 with f31c67d3-cc25-4cc2-b91c-635cb775025d
[35m[HTTP][39m [37m<-- GET /wd/hub/session/f31c67d3-cc25-4cc2-b91c-635cb775025d/element/e35cbd49-78a1-44bb-b8ef-6b7e3b2701f1/text [39m[32m200[39m [90m24 ms - 83[39m
[35m[HTTP][39m [90m[39m
[35m[HTTP][39m [37m-->[39m [37mGET[39m [37m/wd/hub/session/f31c67d3-cc25-4cc2-b91c-635cb775025d/source[39m
[35m[HTTP][39m [90m{}[39m
[35m[W3C (f31c67d3)][39m Driver proxy active, passing request on via HTTP proxy
[35m[WD Proxy][39m Replacing sessionId d40f6e55-b778-4c28-a4ef-06a21da94f87 with f31c67d3-cc25-4cc2-b91c-635cb775025d
[35m[HTTP][39m [37m<-- GET /wd/hub/session/f31c67d3-cc25-4cc2-b91c-635cb775025d/source [39m[32m200[39m [90m145 ms - 42009[39m
[35m[HTTP][39m [90m[39m
[35m[HTTP][39m [37m-->[39m [37mGET[39m [37m/wd/hub/session/f31c67d3-cc25-4cc2-b91c-635cb775025d/screenshot[39m
[35m[HTTP][39m [90m{}[39m
[35m[HTTP][39m [37m<-- GET /wd/hub/session/f31c67d3-cc25-4cc2-b91c-635cb775025d/screenshot [39m[32m200[39m [90m523 ms - 318258[39m
[35m[HTTP][39m [90m[39m
[35m[HTTP][39m [37m-->[39m [37mGET[39m [37m/wd/hub/session/f31c67d3-cc25-4cc2-b91c-635cb775025d/source[39m
[35m[HTTP][39m [90m{}[39m
[35m[W3C (f31c67d3)][39m Driver proxy active, passing request on via HTTP proxy
[35m[WD Proxy][39m Replacing sessionId d40f6e55-b778-4c28-a4ef-06a21da94f87 with f31c67d3-cc25-4cc2-b91c-635cb775025d
[35m[HTTP][39m [37m<-- GET /wd/hub/session/f31c67d3-cc25-4cc2-b91c-635cb775025d/source [39m[32m200[39m [90m170 ms - 39304[39m
[35m[HTTP][39m [90m[39m
[35m[HTTP][39m [37m-->[39m [37mGET[39m [37m/wd/hub/session/f31c67d3-cc25-4cc2-b91c-635cb775025d/screenshot[39m
[35m[HTTP][39m [90m{}[39m
[35m[HTTP][39m [37m<-- GET /wd/hub/session/f31c67d3-cc25-4cc2-b91c-635cb775025d/screenshot [39m[32m200[39m [90m623 ms - 252992[39m
[35m[HTTP][39m [90m[39m
[35m[HTTP][39m [37m-->[39m [37mPOST[39m [37m/wd/hub/session/f31c67d3-cc25-4cc2-b91c-635cb775025d/elements[39m
[35m[HTTP][39m [90m{"using":"xpath","value":"//*[@class = 'android.widget.TextView' and (@text = '$ 65.89' or . = '$ 65.89') and @resource-id = 'com.cardinalhealth.orderexpress.two.debug:id/orderValueTextView']"}[39m
[35m[HTTP][39m [37m<-- POST /wd/hub/session/f31c67d3-cc25-4cc2-b91c-635cb775025d/elements [39m[32m200[39m [90m178 ms - 139[39m
[35m[HTTP][39m [90m[39m
[35m[HTTP][39m [37m-->[39m [37mGET[39m [37m/wd/hub/session/f31c67d3-cc25-4cc2-b91c-635cb775025d/window/rect[39m
[35m[HTTP][39m [90m{}[39m
[35m[HTTP][39m [37m<-- GET /wd/hub/session/f31c67d3-cc25-4cc2-b91c-635cb775025d/window/rect [39m[32m200[39m [90m10 ms - 50[39m
[35m[HTTP][39m [90m[39m
[35m[HTTP][39m [37m-->[39m [37mPOST[39m [37m/wd/hub/session/f31c67d3-cc25-4cc2-b91c-635cb775025d/elements[39m
[35m[HTTP][39m [90m{"using":"xpath","value":"//*[@class = 'android.widget.TextView' and (@text = '$ 65.89' or . = '$ 65.89') and @resource-id = 'com.cardinalhealth.orderexpress.two.debug:id/orderValueTextView']"}[39m
[35m[HTTP][39m [37m<-- POST /wd/hub/session/f31c67d3-cc25-4cc2-b91c-635cb775025d/elements [39m[32m200[39m [90m180 ms - 139[39m
[35m[HTTP][39m [90m[39m
[35m[HTTP][39m [37m-->[39m [37mGET[39m [37m/wd/hub/session/f31c67d3-cc25-4cc2-b91c-635cb775025d/element/fcbb3689-ced1-40b8-9d52-6ebb73b80ac0/location[39m
[35m[HTTP][39m [90m{}[39m
[35m[W3C (f31c67d3)][39m Driver proxy active, passing request on via HTTP proxy
[35m[WD Proxy][39m Replacing sessionId d40f6e55-b778-4c28-a4ef-06a21da94f87 with f31c67d3-cc25-4cc2-b91c-635cb775025d
[35m[HTTP][39m [37m<-- GET /wd/hub/session/f31c67d3-cc25-4cc2-b91c-635cb775025d/element/fcbb3689-ced1-40b8-9d52-6ebb73b80ac0/location [39m[32m200[39m [90m17 ms - 79[39m
[35m[HTTP][39m [90m[39m
[35m[HTTP][39m [37m-->[39m [37mGET[39m [37m/wd/hub/session/f31c67d3-cc25-4cc2-b91c-635cb775025d/element/fcbb3689-ced1-40b8-9d52-6ebb73b80ac0/text[39m
[35m[HTTP][39m [90m{}[39m
[35m[W3C (f31c67d3)][39m Driver proxy active, passing request on via HTTP proxy
[35m[WD Proxy][39m Replacing sessionId d40f6e55-b778-4c28-a4ef-06a21da94f87 with f31c67d3-cc25-4cc2-b91c-635cb775025d
[35m[HTTP][39m [37m<-- GET /wd/hub/session/f31c67d3-cc25-4cc2-b91c-635cb775025d/element/fcbb3689-ced1-40b8-9d52-6ebb73b80ac0/text [39m[32m200[39m [90m19 ms - 70[39m
[35m[HTTP][39m [90m[39m
[35m[HTTP][39m [37m-->[39m [37mGET[39m [37m/wd/hub/session/f31c67d3-cc25-4cc2-b91c-635cb775025d/source[39m
[35m[HTTP][39m [90m{}[39m
[35m[W3C (f31c67d3)][39m Driver proxy active, passing request on via HTTP proxy
[35m[WD Proxy][39m Replacing sessionId d40f6e55-b778-4c28-a4ef-06a21da94f87 with f31c67d3-cc25-4cc2-b91c-635cb775025d
[35m[HTTP][39m [37m<-- GET /wd/hub/session/f31c67d3-cc25-4cc2-b91c-635cb775025d/source [39m[32m200[39m [90m230 ms - 39304[39m
[35m[HTTP][39m [90m[39m
[35m[HTTP][39m [37m-->[39m [37mGET[39m [37m/wd/hub/session/f31c67d3-cc25-4cc2-b91c-635cb775025d/screenshot[39m
[35m[HTTP][39m [90m{}[39m
[35m[HTTP][39m [37m<-- GET /wd/hub/session/f31c67d3-cc25-4cc2-b91c-635cb775025d/screenshot [39m[32m200[39m [90m591 ms - 252992[39m
[35m[HTTP][39m [90m[39m
[35m[HTTP][39m [37m-->[39m [37mDELETE[39m [37m/wd/hub/session/f31c67d3-cc25-4cc2-b91c-635cb775025d[39m
[35m[HTTP][39m [90m{}[39m
[35m[Appium][39m Removing session f31c67d3-cc25-4cc2-b91c-635cb775025d from our master session list
[35m[UiAutomator2][39m Restoring hidden api policy to the device default configuration
[35m[HTTP][39m [37m<-- DELETE /wd/hub/session/f31c67d3-cc25-4cc2-b91c-635cb775025d [39m[32m200[39m [90m402 ms - 14[39m
[35m[HTTP][39m [90m[39m
